2021-12-09 21:32:46.975  INFO 7004 --- [main] com.yoon.api.ApiApplication              : Starting ApiApplication using Java 11.0.13 on DESKTOP-SIC0PFR with PID 7004 (D:\SPRING_PROJECT\api-vue3\build\classes\java\main started by YOON in D:\SPRING_PROJECT\api-vue3)
2021-12-09 21:32:46.978 DEBUG 7004 --- [main] com.yoon.api.ApiApplication              : Running with Spring Boot v2.6.1, Spring v5.3.13
2021-12-09 21:32:46.979  INFO 7004 --- [main] com.yoon.api.ApiApplication              : No active profile set, falling back to default profiles: default
2021-12-09 21:32:47.757  INFO 7004 --- [main] .s.d.r.c.RepositoryConfigurationDelegate : Bootstrapping Spring Data JPA repositories in DEFAULT mode.
2021-12-09 21:32:47.771  INFO 7004 --- [main] .s.d.r.c.RepositoryConfigurationDelegate : Finished Spring Data repository scanning in 5 ms. Found 0 JPA repository interfaces.
2021-12-09 21:32:48.437  INFO 7004 --- [main] o.s.b.w.embedded.tomcat.TomcatWebServer  : Tomcat initialized with port(s): 8080 (http)
2021-12-09 21:32:48.447  INFO 7004 --- [main] o.apache.catalina.core.StandardService   : Starting service [Tomcat]
2021-12-09 21:32:48.448  INFO 7004 --- [main] org.apache.catalina.core.StandardEngine  : Starting Servlet engine: [Apache Tomcat/9.0.55]
2021-12-09 21:32:48.602  INFO 7004 --- [main] o.a.c.c.C.[Tomcat].[localhost].[/]       : Initializing Spring embedded WebApplicationContext
2021-12-09 21:32:48.603  INFO 7004 --- [main] w.s.c.ServletWebServerApplicationContext : Root WebApplicationContext: initialization completed in 1559 ms
2021-12-09 21:32:48.827  INFO 7004 --- [main] o.hibernate.jpa.internal.util.LogHelper  : HHH000204: Processing PersistenceUnitInfo [name: default]
2021-12-09 21:32:48.885  INFO 7004 --- [main] org.hibernate.Version                    : HHH000412: Hibernate ORM core version 5.6.1.Final
2021-12-09 21:32:49.054  INFO 7004 --- [main] o.hibernate.annotations.common.Version   : HCANN000001: Hibernate Commons Annotations {5.1.2.Final}
2021-12-09 21:32:49.154  INFO 7004 --- [main] com.zaxxer.hikari.HikariDataSource       : HikariPool-1 - Starting...
2021-12-09 21:32:49.211  INFO 7004 --- [main] com.zaxxer.hikari.HikariDataSource       : HikariPool-1 - Start completed.
2021-12-09 21:32:49.239  INFO 7004 --- [main] org.hibernate.dialect.Dialect            : HHH000400: Using dialect: org.hibernate.dialect.MariaDB106Dialect
2021-12-09 21:32:49.447  INFO 7004 --- [main] o.h.e.t.j.p.i.JtaPlatformInitiator       : HHH000490: Using JtaPlatform implementation: [org.hibernate.engine.transaction.jta.platform.internal.NoJtaPlatform]
2021-12-09 21:32:49.457  INFO 7004 --- [main] j.LocalContainerEntityManagerFactoryBean : Initialized JPA EntityManagerFactory for persistence unit 'default'
2021-12-09 21:32:49.509  WARN 7004 --- [main] JpaBaseConfiguration$JpaWebConfiguration : spring.jpa.open-in-view is enabled by default. Therefore, database queries may be performed during view rendering. Explicitly configure spring.jpa.open-in-view to disable this warning
2021-12-09 21:32:49.889  INFO 7004 --- [main] o.s.b.w.embedded.tomcat.TomcatWebServer  : Tomcat started on port(s): 8080 (http) with context path ''
2021-12-09 21:32:49.908  INFO 7004 --- [main] com.yoon.api.ApiApplication              : Started ApiApplication in 3.518 seconds (JVM running for 4.704)
2021-12-09 21:33:01.300  INFO 7004 --- [http-nio-8080-exec-1] o.a.c.c.C.[Tomcat].[localhost].[/]       : Initializing Spring DispatcherServlet 'dispatcherServlet'
2021-12-09 21:33:01.302  INFO 7004 --- [http-nio-8080-exec-1] o.s.web.servlet.DispatcherServlet        : Initializing Servlet 'dispatcherServlet'
2021-12-09 21:33:01.303  INFO 7004 --- [http-nio-8080-exec-1] o.s.web.servlet.DispatcherServlet        : Completed initialization in 1 ms
2021-12-09 21:35:28.004  INFO 9664 --- [main] com.yoon.api.ApiApplication              : Starting ApiApplication using Java 11.0.13 on DESKTOP-SIC0PFR with PID 9664 (D:\SPRING_PROJECT\api-vue3\build\classes\java\main started by YOON in D:\SPRING_PROJECT\api-vue3)
2021-12-09 21:35:28.008 DEBUG 9664 --- [main] com.yoon.api.ApiApplication              : Running with Spring Boot v2.6.1, Spring v5.3.13
2021-12-09 21:35:28.008  INFO 9664 --- [main] com.yoon.api.ApiApplication              : No active profile set, falling back to default profiles: default
2021-12-09 21:35:28.763  INFO 9664 --- [main] .s.d.r.c.RepositoryConfigurationDelegate : Bootstrapping Spring Data JPA repositories in DEFAULT mode.
2021-12-09 21:35:28.785  INFO 9664 --- [main] .s.d.r.c.RepositoryConfigurationDelegate : Finished Spring Data repository scanning in 7 ms. Found 0 JPA repository interfaces.
2021-12-09 21:35:29.677  INFO 9664 --- [main] o.s.b.w.embedded.tomcat.TomcatWebServer  : Tomcat initialized with port(s): 8080 (http)
2021-12-09 21:35:29.690  INFO 9664 --- [main] o.apache.catalina.core.StandardService   : Starting service [Tomcat]
2021-12-09 21:35:29.690  INFO 9664 --- [main] org.apache.catalina.core.StandardEngine  : Starting Servlet engine: [Apache Tomcat/9.0.55]
2021-12-09 21:35:29.835  INFO 9664 --- [main] o.a.c.c.C.[Tomcat].[localhost].[/]       : Initializing Spring embedded WebApplicationContext
2021-12-09 21:35:29.835  INFO 9664 --- [main] w.s.c.ServletWebServerApplicationContext : Root WebApplicationContext: initialization completed in 1772 ms
2021-12-09 21:35:30.169  INFO 9664 --- [main] o.hibernate.jpa.internal.util.LogHelper  : HHH000204: Processing PersistenceUnitInfo [name: default]
2021-12-09 21:35:30.229  INFO 9664 --- [main] org.hibernate.Version                    : HHH000412: Hibernate ORM core version 5.6.1.Final
2021-12-09 21:35:30.371  INFO 9664 --- [main] o.hibernate.annotations.common.Version   : HCANN000001: Hibernate Commons Annotations {5.1.2.Final}
2021-12-09 21:35:30.482  INFO 9664 --- [main] com.zaxxer.hikari.HikariDataSource       : HikariPool-1 - Starting...
2021-12-09 21:35:30.545  INFO 9664 --- [main] com.zaxxer.hikari.HikariDataSource       : HikariPool-1 - Start completed.
2021-12-09 21:35:30.567  INFO 9664 --- [main] org.hibernate.dialect.Dialect            : HHH000400: Using dialect: org.hibernate.dialect.MariaDB106Dialect
2021-12-09 21:35:30.746  INFO 9664 --- [main] o.h.e.t.j.p.i.JtaPlatformInitiator       : HHH000490: Using JtaPlatform implementation: [org.hibernate.engine.transaction.jta.platform.internal.NoJtaPlatform]
2021-12-09 21:35:30.757  INFO 9664 --- [main] j.LocalContainerEntityManagerFactoryBean : Initialized JPA EntityManagerFactory for persistence unit 'default'
2021-12-09 21:35:30.804  WARN 9664 --- [main] JpaBaseConfiguration$JpaWebConfiguration : spring.jpa.open-in-view is enabled by default. Therefore, database queries may be performed during view rendering. Explicitly configure spring.jpa.open-in-view to disable this warning
2021-12-09 21:35:31.190  INFO 9664 --- [main] o.s.b.w.embedded.tomcat.TomcatWebServer  : Tomcat started on port(s): 8080 (http) with context path ''
2021-12-09 21:35:31.204  INFO 9664 --- [main] com.yoon.api.ApiApplication              : Started ApiApplication in 4.003 seconds (JVM running for 5.402)
2021-12-09 21:35:37.903  INFO 9664 --- [http-nio-8080-exec-1] o.a.c.c.C.[Tomcat].[localhost].[/]       : Initializing Spring DispatcherServlet 'dispatcherServlet'
2021-12-09 21:35:37.905  INFO 9664 --- [http-nio-8080-exec-1] o.s.web.servlet.DispatcherServlet        : Initializing Servlet 'dispatcherServlet'
2021-12-09 21:35:37.908  INFO 9664 --- [http-nio-8080-exec-1] o.s.web.servlet.DispatcherServlet        : Completed initialization in 2 ms
2021-12-09 21:46:01.866  INFO 7516 --- [main] com.yoon.api.ApiApplication              : Starting ApiApplication using Java 11.0.13 on DESKTOP-SIC0PFR with PID 7516 (D:\SPRING_PROJECT\api-vue3\out\production\classes started by YOON in D:\SPRING_PROJECT\api-vue3)
2021-12-09 21:46:01.873 DEBUG 7516 --- [main] com.yoon.api.ApiApplication              : Running with Spring Boot v2.6.1, Spring v5.3.13
2021-12-09 21:46:01.875  INFO 7516 --- [main] com.yoon.api.ApiApplication              : No active profile set, falling back to default profiles: default
2021-12-09 21:46:02.928  INFO 7516 --- [main] .s.d.r.c.RepositoryConfigurationDelegate : Bootstrapping Spring Data JPA repositories in DEFAULT mode.
2021-12-09 21:46:02.945  INFO 7516 --- [main] .s.d.r.c.RepositoryConfigurationDelegate : Finished Spring Data repository scanning in 5 ms. Found 0 JPA repository interfaces.
2021-12-09 21:46:03.708  INFO 7516 --- [main] o.s.b.w.embedded.tomcat.TomcatWebServer  : Tomcat initialized with port(s): 8080 (http)
2021-12-09 21:46:03.726  INFO 7516 --- [main] o.apache.catalina.core.StandardService   : Starting service [Tomcat]
2021-12-09 21:46:03.727  INFO 7516 --- [main] org.apache.catalina.core.StandardEngine  : Starting Servlet engine: [Apache Tomcat/9.0.55]
2021-12-09 21:46:03.925  INFO 7516 --- [main] o.a.c.c.C.[Tomcat].[localhost].[/]       : Initializing Spring embedded WebApplicationContext
2021-12-09 21:46:03.927  INFO 7516 --- [main] w.s.c.ServletWebServerApplicationContext : Root WebApplicationContext: initialization completed in 1886 ms
2021-12-09 21:46:04.201  INFO 7516 --- [main] o.hibernate.jpa.internal.util.LogHelper  : HHH000204: Processing PersistenceUnitInfo [name: default]
2021-12-09 21:46:04.265  INFO 7516 --- [main] org.hibernate.Version                    : HHH000412: Hibernate ORM core version 5.6.1.Final
2021-12-09 21:46:04.440  INFO 7516 --- [main] o.hibernate.annotations.common.Version   : HCANN000001: Hibernate Commons Annotations {5.1.2.Final}
2021-12-09 21:46:04.558  INFO 7516 --- [main] com.zaxxer.hikari.HikariDataSource       : HikariPool-1 - Starting...
2021-12-09 21:46:04.616  INFO 7516 --- [main] com.zaxxer.hikari.HikariDataSource       : HikariPool-1 - Start completed.
2021-12-09 21:46:04.638  INFO 7516 --- [main] org.hibernate.dialect.Dialect            : HHH000400: Using dialect: org.hibernate.dialect.MariaDB106Dialect
2021-12-09 21:46:04.904  INFO 7516 --- [main] o.h.e.t.j.p.i.JtaPlatformInitiator       : HHH000490: Using JtaPlatform implementation: [org.hibernate.engine.transaction.jta.platform.internal.NoJtaPlatform]
2021-12-09 21:46:04.919  INFO 7516 --- [main] j.LocalContainerEntityManagerFactoryBean : Initialized JPA EntityManagerFactory for persistence unit 'default'
2021-12-09 21:46:04.989  WARN 7516 --- [main] JpaBaseConfiguration$JpaWebConfiguration : spring.jpa.open-in-view is enabled by default. Therefore, database queries may be performed during view rendering. Explicitly configure spring.jpa.open-in-view to disable this warning
2021-12-09 21:46:05.417  INFO 7516 --- [main] o.s.b.w.embedded.tomcat.TomcatWebServer  : Tomcat started on port(s): 8080 (http) with context path ''
2021-12-09 21:46:05.453  INFO 7516 --- [main] com.yoon.api.ApiApplication              : Started ApiApplication in 4.682 seconds (JVM running for 9.085)
2021-12-09 21:46:09.979  INFO 7516 --- [http-nio-8080-exec-1] o.a.c.c.C.[Tomcat].[localhost].[/]       : Initializing Spring DispatcherServlet 'dispatcherServlet'
2021-12-09 21:46:09.980  INFO 7516 --- [http-nio-8080-exec-1] o.s.web.servlet.DispatcherServlet        : Initializing Servlet 'dispatcherServlet'
2021-12-09 21:46:09.982  INFO 7516 --- [http-nio-8080-exec-1] o.s.web.servlet.DispatcherServlet        : Completed initialization in 1 ms
2021-12-09 21:48:27.452  INFO 4228 --- [main] com.yoon.api.ApiApplication              : Starting ApiApplication using Java 11.0.13 on DESKTOP-SIC0PFR with PID 4228 (D:\SPRING_PROJECT\api-vue3\out\production\classes started by YOON in D:\SPRING_PROJECT\api-vue3)
2021-12-09 21:48:27.457 DEBUG 4228 --- [main] com.yoon.api.ApiApplication              : Running with Spring Boot v2.6.1, Spring v5.3.13
2021-12-09 21:48:27.495  INFO 4228 --- [main] com.yoon.api.ApiApplication              : No active profile set, falling back to default profiles: default
2021-12-09 21:48:28.918  INFO 4228 --- [main] .s.d.r.c.RepositoryConfigurationDelegate : Bootstrapping Spring Data JPA repositories in DEFAULT mode.
2021-12-09 21:48:28.937  INFO 4228 --- [main] .s.d.r.c.RepositoryConfigurationDelegate : Finished Spring Data repository scanning in 5 ms. Found 0 JPA repository interfaces.
2021-12-09 21:48:29.738  INFO 4228 --- [main] o.s.b.w.embedded.tomcat.TomcatWebServer  : Tomcat initialized with port(s): 8080 (http)
2021-12-09 21:48:29.753  INFO 4228 --- [main] o.apache.catalina.core.StandardService   : Starting service [Tomcat]
2021-12-09 21:48:29.754  INFO 4228 --- [main] org.apache.catalina.core.StandardEngine  : Starting Servlet engine: [Apache Tomcat/9.0.55]
2021-12-09 21:48:29.969  INFO 4228 --- [main] o.a.c.c.C.[Tomcat].[localhost].[/]       : Initializing Spring embedded WebApplicationContext
2021-12-09 21:48:29.970  INFO 4228 --- [main] w.s.c.ServletWebServerApplicationContext : Root WebApplicationContext: initialization completed in 2267 ms
2021-12-09 21:48:30.279  INFO 4228 --- [main] o.hibernate.jpa.internal.util.LogHelper  : HHH000204: Processing PersistenceUnitInfo [name: default]
2021-12-09 21:48:30.415  INFO 4228 --- [main] org.hibernate.Version                    : HHH000412: Hibernate ORM core version 5.6.1.Final
2021-12-09 21:48:30.670  INFO 4228 --- [main] o.hibernate.annotations.common.Version   : HCANN000001: Hibernate Commons Annotations {5.1.2.Final}
2021-12-09 21:48:30.848  INFO 4228 --- [main] com.zaxxer.hikari.HikariDataSource       : HikariPool-1 - Starting...
2021-12-09 21:48:30.977  INFO 4228 --- [main] com.zaxxer.hikari.HikariDataSource       : HikariPool-1 - Start completed.
2021-12-09 21:48:31.005  INFO 4228 --- [main] org.hibernate.dialect.Dialect            : HHH000400: Using dialect: org.hibernate.dialect.MariaDB106Dialect
2021-12-09 21:48:31.225  INFO 4228 --- [main] o.h.e.t.j.p.i.JtaPlatformInitiator       : HHH000490: Using JtaPlatform implementation: [org.hibernate.engine.transaction.jta.platform.internal.NoJtaPlatform]
2021-12-09 21:48:31.236  INFO 4228 --- [main] j.LocalContainerEntityManagerFactoryBean : Initialized JPA EntityManagerFactory for persistence unit 'default'
2021-12-09 21:48:31.322  WARN 4228 --- [main] JpaBaseConfiguration$JpaWebConfiguration : spring.jpa.open-in-view is enabled by default. Therefore, database queries may be performed during view rendering. Explicitly configure spring.jpa.open-in-view to disable this warning
2021-12-09 21:48:32.472  INFO 4228 --- [main] o.s.b.w.embedded.tomcat.TomcatWebServer  : Tomcat started on port(s): 8080 (http) with context path ''
2021-12-09 21:48:32.495  INFO 4228 --- [main] com.yoon.api.ApiApplication              : Started ApiApplication in 6.251 seconds (JVM running for 9.359)
2021-12-09 21:48:35.669  INFO 4228 --- [http-nio-8080-exec-1] o.a.c.c.C.[Tomcat].[localhost].[/]       : Initializing Spring DispatcherServlet 'dispatcherServlet'
2021-12-09 21:48:35.670  INFO 4228 --- [http-nio-8080-exec-1] o.s.web.servlet.DispatcherServlet        : Initializing Servlet 'dispatcherServlet'
2021-12-09 21:48:35.671  INFO 4228 --- [http-nio-8080-exec-1] o.s.web.servlet.DispatcherServlet        : Completed initialization in 1 ms
2021-12-09 21:50:29.974  INFO 7004 --- [main] com.yoon.api.ApiApplication              : Starting ApiApplication using Java 11.0.13 on DESKTOP-SIC0PFR with PID 7004 (D:\SPRING_PROJECT\api-vue3\out\production\classes started by YOON in D:\SPRING_PROJECT\api-vue3)
2021-12-09 21:50:29.979 DEBUG 7004 --- [main] com.yoon.api.ApiApplication              : Running with Spring Boot v2.6.1, Spring v5.3.13
2021-12-09 21:50:29.979  INFO 7004 --- [main] com.yoon.api.ApiApplication              : No active profile set, falling back to default profiles: default
2021-12-09 21:50:31.491  INFO 7004 --- [main] .s.d.r.c.RepositoryConfigurationDelegate : Bootstrapping Spring Data JPA repositories in DEFAULT mode.
2021-12-09 21:50:31.508  INFO 7004 --- [main] .s.d.r.c.RepositoryConfigurationDelegate : Finished Spring Data repository scanning in 6 ms. Found 0 JPA repository interfaces.
2021-12-09 21:50:32.329  INFO 7004 --- [main] o.s.b.w.embedded.tomcat.TomcatWebServer  : Tomcat initialized with port(s): 8080 (http)
2021-12-09 21:50:32.343  INFO 7004 --- [main] o.apache.catalina.core.StandardService   : Starting service [Tomcat]
2021-12-09 21:50:32.344  INFO 7004 --- [main] org.apache.catalina.core.StandardEngine  : Starting Servlet engine: [Apache Tomcat/9.0.55]
2021-12-09 21:50:32.518  INFO 7004 --- [main] o.a.c.c.C.[Tomcat].[localhost].[/]       : Initializing Spring embedded WebApplicationContext
2021-12-09 21:50:32.518  INFO 7004 --- [main] w.s.c.ServletWebServerApplicationContext : Root WebApplicationContext: initialization completed in 2370 ms
2021-12-09 21:50:32.826  INFO 7004 --- [main] o.hibernate.jpa.internal.util.LogHelper  : HHH000204: Processing PersistenceUnitInfo [name: default]
2021-12-09 21:50:32.900  INFO 7004 --- [main] org.hibernate.Version                    : HHH000412: Hibernate ORM core version 5.6.1.Final
2021-12-09 21:50:33.071  INFO 7004 --- [main] o.hibernate.annotations.common.Version   : HCANN000001: Hibernate Commons Annotations {5.1.2.Final}
2021-12-09 21:50:33.235  INFO 7004 --- [main] com.zaxxer.hikari.HikariDataSource       : HikariPool-1 - Starting...
2021-12-09 21:50:33.328  INFO 7004 --- [main] com.zaxxer.hikari.HikariDataSource       : HikariPool-1 - Start completed.
2021-12-09 21:50:33.360  INFO 7004 --- [main] org.hibernate.dialect.Dialect            : HHH000400: Using dialect: org.hibernate.dialect.MariaDB106Dialect
2021-12-09 21:50:33.580  INFO 7004 --- [main] o.h.e.t.j.p.i.JtaPlatformInitiator       : HHH000490: Using JtaPlatform implementation: [org.hibernate.engine.transaction.jta.platform.internal.NoJtaPlatform]
2021-12-09 21:50:33.591  INFO 7004 --- [main] j.LocalContainerEntityManagerFactoryBean : Initialized JPA EntityManagerFactory for persistence unit 'default'
2021-12-09 21:50:33.642  WARN 7004 --- [main] JpaBaseConfiguration$JpaWebConfiguration : spring.jpa.open-in-view is enabled by default. Therefore, database queries may be performed during view rendering. Explicitly configure spring.jpa.open-in-view to disable this warning
2021-12-09 21:50:34.085  INFO 7004 --- [main] o.s.b.w.embedded.tomcat.TomcatWebServer  : Tomcat started on port(s): 8080 (http) with context path ''
2021-12-09 21:50:34.122  INFO 7004 --- [main] com.yoon.api.ApiApplication              : Started ApiApplication in 5.552 seconds (JVM running for 8.45)
2021-12-09 21:50:48.767  INFO 7004 --- [http-nio-8080-exec-1] o.a.c.c.C.[Tomcat].[localhost].[/]       : Initializing Spring DispatcherServlet 'dispatcherServlet'
2021-12-09 21:50:48.768  INFO 7004 --- [http-nio-8080-exec-1] o.s.web.servlet.DispatcherServlet        : Initializing Servlet 'dispatcherServlet'
2021-12-09 21:50:48.771  INFO 7004 --- [http-nio-8080-exec-1] o.s.web.servlet.DispatcherServlet        : Completed initialization in 3 ms
